<?xml version="1.0" encoding="UTF-8"?>
<!-- Generated by org.testng.reporters.JUnitReportReporter -->
<testsuite hostname="DESKTOP-1NA3L2F" failures="0" tests="3" name="module1_TestClass.Pushpa_The_Rise_IMDB_TestClass" time="2.215" errors="0" timestamp="2022-11-02T19:59:39 IST" skipped="0">
  <testcase classname="module1_TestClass.Pushpa_The_Rise_IMDB_TestClass" name="verifyPushpa_the_rise_IMDB_CountryOfOrigin" time="1.986"/>
  <system-out/>
  <testcase classname="module1_TestClass.Pushpa_The_Rise_IMDB_TestClass" name="verifyPushpa_the_rise_IMDB_ReleseDate" time="0.118"/>
  <system-out/>
  <testcase classname="module1_TestClass.Pushpa_The_Rise_IMDB_TestClass" name="IMDB_Home_Page" time="0.111"/>
  <system-out/>
</testsuite> <!-- module1_TestClass.Pushpa_The_Rise_IMDB_TestClass -->
